# JRE version: Java(TM) SE Runtime Environment (8.0_191-b12) (build 1.8.0_191-b12)
# Java VM: Java HotSpot(TM) Client VM (25.191-b12 mixed mode windows-x86 )
Heap:
 def new generation   total 79936K, used 79936K [0x05400000, 0x0aab0000, 0x0fea0000)
  eden space 71104K, 100% used [0x05400000, 0x09970000, 0x09970000)
  from space 8832K, 100% used [0x0a210000, 0x0aab0000, 0x0aab0000)
  to   space 8832K,  81% used [0x09970000, 0x0a079988, 0x0a210000)
 tenured generation   total 177336K, used 147184K [0x0fea0000, 0x1abce000, 0x25400000)
   the space 177336K,  82% used [0x0fea0000, 0x18e5c038, 0x18e5c200, 0x1abce000)
 Metaspace       used 25204K, capacity 25753K, committed 25856K, reserved 25984K
GC Heap History (10 events):
Event: 5.563 GC heap after
Heap after GC invocations=9 (full 2):
 def new generation   total 49792K, used 0K [0x05400000, 0x08a00000, 0x0fea0000)
  eden space 44288K,   0% used [0x05400000, 0x05400000, 0x07f40000)
  from space 5504K,   0% used [0x07f40000, 0x07f40000, 0x084a0000)
  to   space 5504K,   0% used [0x084a0000, 0x084a0000, 0x08a00000)
 tenured generation   total 110484K, used 66288K [0x0fea0000, 0x16a85000, 0x25400000)
   the space 110484K,  59% used [0x0fea0000, 0x13f5c3b0, 0x13f5c400, 0x16a85000)
 Metaspace       used 20073K, capacity 20474K, committed 20480K, reserved 20864K
}
Event: 18.728 GC heap before
{Heap before GC invocations=9 (full 2):
 def new generation   total 49792K, used 44288K [0x05400000, 0x08a00000, 0x0fea0000)
  eden space 44288K, 100% used [0x05400000, 0x07f40000, 0x07f40000)
  from space 5504K,   0% used [0x07f40000, 0x07f40000, 0x084a0000)
  to   space 5504K,   0% used [0x084a0000, 0x084a0000, 0x08a00000)
 tenured generation   total 110484K, used 66288K [0x0fea0000, 0x16a85000, 0x25400000)
   the space 110484K,  59% used [0x0fea0000, 0x13f5c3b0, 0x13f5c400, 0x16a85000)
 Metaspace       used 23505K, capacity 23981K, committed 24064K, reserved 24960K
Event: 18.743 GC heap after
Heap after GC invocations=10 (full 2):
 def new generation   total 49792K, used 5504K [0x05400000, 0x08a00000, 0x0fea0000)
  eden space 44288K,   0% used [0x05400000, 0x05400000, 0x07f40000)
  from space 5504K, 100% used [0x084a0000, 0x08a00000, 0x08a00000)
  to   space 5504K,   0% used [0x07f40000, 0x07f40000, 0x084a0000)
 tenured generation   total 110484K, used 71827K [0x0fea0000, 0x16a85000, 0x25400000)
   the space 110484K,  65% used [0x0fea0000, 0x144c4db8, 0x144c4e00, 0x16a85000)
 Metaspace       used 23505K, capacity 23981K, committed 24064K, reserved 24960K
}
Event: 66.721 GC heap before
{Heap before GC invocations=10 (full 2):
 def new generation   total 49792K, used 48317K [0x05400000, 0x08a00000, 0x0fea0000)
  eden space 44288K,  96% used [0x05400000, 0x07dcf628, 0x07f40000)
  from space 5504K, 100% used [0x084a0000, 0x08a00000, 0x08a00000)
  to   space 5504K,   0% used [0x07f40000, 0x07f40000, 0x084a0000)
 tenured generation   total 110484K, used 71827K [0x0fea0000, 0x16a85000, 0x25400000)
   the space 110484K,  65% used [0x0fea0000, 0x144c4db8, 0x144c4e00, 0x16a85000)
 Metaspace       used 24219K, capacity 24775K, committed 24832K, reserved 24960K
Event: 66.749 GC heap after
Heap after GC invocations=11 (full 2):
 def new generation   total 49792K, used 904K [0x05400000, 0x08a00000, 0x0fea0000)
  eden space 44288K,   0% used [0x05400000, 0x05400000, 0x07f40000)
  from space 5504K,  16% used [0x07f40000, 0x08022028, 0x084a0000)
  to   space 5504K,   0% used [0x084a0000, 0x084a0000, 0x08a00000)
 tenured generation   total 110484K, used 91574K [0x0fea0000, 0x16a85000, 0x25400000)
   the space 110484K,  82% used [0x0fea0000, 0x1580d838, 0x1580da00, 0x16a85000)
 Metaspace       used 24219K, capacity 24775K, committed 24832K, reserved 24960K
}
Event: 66.771 GC heap before
{Heap before GC invocations=11 (full 2):
 def new generation   total 49792K, used 33000K [0x05400000, 0x08a00000, 0x0fea0000)
  eden space 44288K,  72% used [0x05400000, 0x07358028, 0x07f40000)
  from space 5504K,  16% used [0x07f40000, 0x08022028, 0x084a0000)
  to   space 5504K,   0% used [0x084a0000, 0x084a0000, 0x08a00000)
 tenured generation   total 110484K, used 91574K [0x0fea0000, 0x16a85000, 0x25400000)
   the space 110484K,  82% used [0x0fea0000, 0x1580d838, 0x1580da00, 0x16a85000)
 Metaspace       used 24219K, capacity 24775K, committed 24832K, reserved 24960K
Event: 66.975 GC heap after
Heap after GC invocations=12 (full 3):
 def new generation   total 79936K, used 0K [0x05400000, 0x0aab0000, 0x0fea0000)
  eden space 71104K,   0% used [0x05400000, 0x05400000, 0x09970000)
  from space 8832K,   0% used [0x09970000, 0x09970000, 0x0a210000)
  to   space 8832K,   0% used [0x0a210000, 0x0a210000, 0x0aab0000)
 tenured generation   total 177336K, used 106400K [0x0fea0000, 0x1abce000, 0x25400000)
   the space 177336K,  59% used [0x0fea0000, 0x166881e0, 0x16688200, 0x1abce000)
 Metaspace       used 24219K, capacity 24775K, committed 24832K, reserved 24960K
}
Event: 68.097 GC heap before
{Heap before GC invocations=12 (full 3):
 def new generation   total 79936K, used 71104K [0x05400000, 0x0aab0000, 0x0fea0000)
  eden space 71104K, 100% used [0x05400000, 0x09970000, 0x09970000)
  from space 8832K,   0% used [0x09970000, 0x09970000, 0x0a210000)
  to   space 8832K,   0% used [0x0a210000, 0x0a210000, 0x0aab0000)
 tenured generation   total 177336K, used 106400K [0x0fea0000, 0x1abce000, 0x25400000)
   the space 177336K,  59% used [0x0fea0000, 0x166881e0, 0x16688200, 0x1abce000)
 Metaspace       used 24226K, capacity 24783K, committed 24832K, reserved 24960K
Event: 68.214 GC heap after
Heap after GC invocations=13 (full 3):
 def new generation   total 79936K, used 8832K [0x05400000, 0x0aab0000, 0x0fea0000)
  eden space 71104K,   0% used [0x05400000, 0x05400000, 0x09970000)
  from space 8832K, 100% used [0x0a210000, 0x0aab0000, 0x0aab0000)
  to   space 8832K,   0% used [0x09970000, 0x09970000, 0x0a210000)
 tenured generation   total 177336K, used 138374K [0x0fea0000, 0x1abce000, 0x25400000)
   the space 177336K,  78% used [0x0fea0000, 0x185c1820, 0x185c1a00, 0x1abce000)
 Metaspace       used 24226K, capacity 24783K, committed 24832K, reserved 24960K
}
Event: 483.297 GC heap before
{Heap before GC invocations=13 (full 3):
 def new generation   total 79936K, used 79936K [0x05400000, 0x0aab0000, 0x0fea0000)
  eden space 71104K, 100% used [0x05400000, 0x09970000, 0x09970000)
  from space 8832K, 100% used [0x0a210000, 0x0aab0000, 0x0aab0000)
  to   space 8832K,   0% used [0x09970000, 0x09970000, 0x0a210000)
 tenured generation   total 177336K, used 138374K [0x0fea0000, 0x1abce000, 0x25400000)
   the space 177336K,  78% used [0x0fea0000, 0x185c1820, 0x185c1a00, 0x1abce000)
 Metaspace       used 25204K, capacity 25753K, committed 25856K, reserved 25984K

